<?xml version="1.0" encoding="UTF-8"?>
<!-- Generated by org.testng.reporters.JUnitReportReporter -->
<testsuite skipped="0" name="com.zoho.qa.testcases.HomePageTest" tests="3" failures="0" timestamp="28 Mar 2018 07:49:14 GMT" time="101.652" errors="0">
  <testcase name="verifyHomePageTitleTest" time="34.569" classname="com.zoho.qa.testcases.HomePageTest"/>
  <testcase name="verifyUserNameTest" time="36.522" classname="com.zoho.qa.testcases.HomePageTest"/>
  <testcase name="verifyLeadsLinkTest" time="30.561" classname="com.zoho.qa.testcases.HomePageTest"/>
</testsuite> <!-- com.zoho.qa.testcases.HomePageTest -->
