<?xml version="1.0" encoding="UTF-8"?>
<!-- Generated by org.testng.reporters.JUnitReportReporter -->
<testsuite skipped="0" name="com.zoho.qa.testcases.LeadsPageTest" tests="2" failures="0" timestamp="28 Mar 2018 06:35:43 GMT" time="80.741" errors="0">
  <testcase name="verifyLeadsPageTitleTest" time="38.204" classname="com.zoho.qa.testcases.LeadsPageTest"/>
  <testcase name="selectLeadNameTest" time="42.537" classname="com.zoho.qa.testcases.LeadsPageTest"/>
</testsuite> <!-- com.zoho.qa.testcases.LeadsPageTest -->
