<?xml version="1.0" encoding="UTF-8"?>
<!-- Generated by org.testng.reporters.JUnitReportReporter -->
<testsuite skipped="1" name="com.zoho.qa.testcases.ContactsPageTest" tests="1" failures="0" timestamp="29 Mar 2018 06:25:53 GMT" time="0.000" errors="0">
  <testcase name="validateNewContactCreationTest" time="0.000" classname="com.zoho.qa.testcases.ContactsPageTest">
    <skipped/>
  </testcase> <!-- validateNewContactCreationTest -->
</testsuite> <!-- com.zoho.qa.testcases.ContactsPageTest -->
