<?xml version="1.0" encoding="UTF-8"?>
<!-- Generated by org.testng.reporters.JUnitReportReporter -->
<testsuite skipped="0" name="com.zoho.qa.testcases.HomePageTest" tests="3" failures="0" timestamp="29 Mar 2018 06:25:53 GMT" time="93.219" errors="0">
  <testcase name="verifyHomePageTitleTest" time="30.971" classname="com.zoho.qa.testcases.HomePageTest"/>
  <testcase name="verifyUserNameTest" time="34.945" classname="com.zoho.qa.testcases.HomePageTest"/>
  <testcase name="verifyLeadsLinkTest" time="27.303" classname="com.zoho.qa.testcases.HomePageTest"/>
</testsuite> <!-- com.zoho.qa.testcases.HomePageTest -->
