<?xml version="1.0" encoding="UTF-8"?>
<!-- Generated by org.testng.reporters.JUnitReportReporter -->
<testsuite skipped="0" name="com.zoho.qa.testcases.LeadsPageTest" tests="2" failures="0" timestamp="29 Mar 2018 06:25:53 GMT" time="58.674" errors="0">
  <testcase name="verifyLeadsPageTitleTest" time="27.842" classname="com.zoho.qa.testcases.LeadsPageTest"/>
  <testcase name="selectLeadNameTest" time="30.832" classname="com.zoho.qa.testcases.LeadsPageTest"/>
</testsuite> <!-- com.zoho.qa.testcases.LeadsPageTest -->
